<?xml version="1.0" encoding="UTF-8"?>
<!-- Generated by org.testng.reporters.JUnitReportReporter -->
<testsuite skipped="0" hostname="DESKTOP-5IC7UA3" name="tests.NewTest" tests="1" failures="0" timestamp="2020-04-16T17:41:45 IST" time="50.959" errors="0">
  <testcase name="openMyBlog" time="50.959" classname="tests.NewTest"/>
</testsuite> <!-- tests.NewTest -->
